<?xml version="1.0" encoding="UTF-8"?>
<!-- Generated by org.testng.reporters.JUnitReportReporter -->
<testsuite hostname="LAPTOP-NJK2UHKI" failures="0" tests="1" name="test.TestJasGoogle1" time="17.887" errors="0" timestamp="03 Feb 2020 09:06:08 GMT" skipped="0">
  <testcase classname="test.TestJasGoogle1" name="googleSearch" time="17.887"/>
</testsuite> <!-- test.TestJasGoogle1 -->
