<?xml version="1.0" encoding="UTF-8"?>
<!-- Generated by org.testng.reporters.JUnitReportReporter -->
<testsuite hostname="LAPTOP-NJK2UHKI" failures="0" tests="1" name="test.Test1_GoogleSearch" time="8.901" errors="0" timestamp="02 Mar 2020 09:19:08 GMT" skipped="0">
  <testcase classname="test.Test1_GoogleSearch" name="googleSearch" time="8.901"/>
</testsuite> <!-- test.Test1_GoogleSearch -->
